生成启动时间为 2017/12/21 11:28:01。
     1>项目“D:\学习\计算机图形学\作业\OpenGL\cow\cow\cow.vcxproj”在节点 2 上(Build 个目标)。
     1>ClCompile:
         D:\VS2013\VC\bin\CL.exe /c /Zi /nologo /W3 /WX- /sdl /O2 /Oi /Oy- /GL /D WIN32 /D NDEBUG /D _CONSOLE /D _LIB /D _UNICODE /D UNICODE /Gm- /EHsc /MD /GS /Gy /fp:precise /Zc:wchar_t /Zc:forScope /Fo"Release\\" /Fd"Release\vc120.pdb" /Gd /TP /analyze- /errorReport:prompt main.cpp
         main.cpp
     1>d:\学习\计算机图形学\作业\opengl\cow\cow\obj.h(37): warning C4566: 由通用字符名称“\u00CD”表示的字符不能在当前代码页(936)中表示出来
     1>d:\学习\计算机图形学\作业\opengl\cow\cow\obj.h(37): warning C4566: 由通用字符名称“\u00BC”表示的字符不能在当前代码页(936)中表示出来
     1>d:\学习\计算机图形学\作业\opengl\cow\cow\obj.h(37): warning C4566: 由通用字符名称“\u00C6”表示的字符不能在当前代码页(936)中表示出来
     1>d:\学习\计算机图形学\作业\opengl\cow\cow\obj.h(37): warning C4566: 由通用字符名称“\u00AC”表示的字符不能在当前代码页(936)中表示出来
     1>d:\学习\计算机图形学\作业\opengl\cow\cow\obj.h(37): warning C4566: 由通用字符名称“\u00B5”表示的字符不能在当前代码页(936)中表示出来
     1>d:\学习\计算机图形学\作业\opengl\cow\cow\obj.h(37): warning C4566: 由通用字符名称“\u00C8”表示的字符不能在当前代码页(936)中表示出来
     1>d:\学习\计算机图形学\作业\opengl\cow\cow\obj.h(37): warning C4566: 由通用字符名称“\u00EB”表示的字符不能在当前代码页(936)中表示出来
     1>d:\学习\计算机图形学\作业\opengl\cow\cow\obj.h(37): warning C4566: 由通用字符名称“\u00CA”表示的字符不能在当前代码页(936)中表示出来
     1>d:\学习\计算机图形学\作业\opengl\cow\cow\obj.h(37): warning C4566: 由通用字符名称“\u00DC”表示的字符不能在当前代码页(936)中表示出来
     1>d:\学习\计算机图形学\作业\opengl\cow\cow\obj.h(31): error C4996: 'fopen': This function or variable may be unsafe. Consider using fopen_s instead. To disable deprecation, use _CRT_SECURE_NO_WARNINGS. See online help for details.
                 D:\VS2013\VC\include\stdio.h(211) : 参见“fopen”的声明
     1>d:\学习\计算机图形学\作业\opengl\cow\cow\obj.h(83): warning C4018: “<”: 有符号/无符号不匹配
     1>d:\学习\计算机图形学\作业\opengl\cow\cow\obj.h(85): warning C4018: “<”: 有符号/无符号不匹配
     1>main.cpp(22): error C4996: 'strcat': This function or variable may be unsafe. Consider using strcat_s instead. To disable deprecation, use _CRT_SECURE_NO_WARNINGS. See online help for details.
                 D:\VS2013\VC\include\string.h(118) : 参见“strcat”的声明
     1>main.cpp(23): error C4996: 'strcat': This function or variable may be unsafe. Consider using strcat_s instead. To disable deprecation, use _CRT_SECURE_NO_WARNINGS. See online help for details.
                 D:\VS2013\VC\include\string.h(118) : 参见“strcat”的声明
     1>已完成生成项目“D:\学习\计算机图形学\作业\OpenGL\cow\cow\cow.vcxproj”(Build 个目标)的操作 - 失败。

生成失败。

已用时间 00:00:01.44
