生成启动时间为 2017/12/31 21:46:38。
     1>项目“D:\学习\计算机图形学\作业\OpenGL\cow\cow\cow.vcxproj”在节点 2 上(Build 个目标)。
     1>ClCompile:
         D:\VS2013\VC\bin\CL.exe /c /ZI /nologo /W3 /WX- /sdl /Od /Oy- /D WIN32 /D _DEBUG /D _CONSOLE /D _LIB /D _CRT_SECURE_NO_WARNINGS /D _UNICODE /D UNICODE /Gm /EHsc /RTC1 /MDd /GS /fp:precise /Zc:wchar_t /Zc:forScope /Fo"Debug\\" /Fd"Debug\vc120.pdb" /Gd /TP /analyze- /errorReport:prompt main.cpp
         main.cpp
     1>d:\学习\计算机图形学\作业\opengl\cow\cow\obj.h(35): warning C4566: 由通用字符名称“\u00CD”表示的字符不能在当前代码页(936)中表示出来
     1>d:\学习\计算机图形学\作业\opengl\cow\cow\obj.h(35): warning C4566: 由通用字符名称“\u00BC”表示的字符不能在当前代码页(936)中表示出来
     1>d:\学习\计算机图形学\作业\opengl\cow\cow\obj.h(35): warning C4566: 由通用字符名称“\u00C6”表示的字符不能在当前代码页(936)中表示出来
     1>d:\学习\计算机图形学\作业\opengl\cow\cow\obj.h(35): warning C4566: 由通用字符名称“\u00AC”表示的字符不能在当前代码页(936)中表示出来
     1>d:\学习\计算机图形学\作业\opengl\cow\cow\obj.h(35): warning C4566: 由通用字符名称“\u00B5”表示的字符不能在当前代码页(936)中表示出来
     1>d:\学习\计算机图形学\作业\opengl\cow\cow\obj.h(35): warning C4566: 由通用字符名称“\u00C8”表示的字符不能在当前代码页(936)中表示出来
     1>d:\学习\计算机图形学\作业\opengl\cow\cow\obj.h(35): warning C4566: 由通用字符名称“\u00EB”表示的字符不能在当前代码页(936)中表示出来
     1>d:\学习\计算机图形学\作业\opengl\cow\cow\obj.h(35): warning C4566: 由通用字符名称“\u00CA”表示的字符不能在当前代码页(936)中表示出来
     1>d:\学习\计算机图形学\作业\opengl\cow\cow\obj.h(35): warning C4566: 由通用字符名称“\u00DC”表示的字符不能在当前代码页(936)中表示出来
     1>d:\学习\计算机图形学\作业\opengl\cow\cow\obj.h(76): warning C4018: “<”: 有符号/无符号不匹配
     1>d:\学习\计算机图形学\作业\opengl\cow\cow\obj.h(115): warning C4018: “<”: 有符号/无符号不匹配
     1>d:\学习\计算机图形学\作业\opengl\cow\cow\main.cpp(148): warning C4101: “realy”: 未引用的局部变量
     1>d:\学习\计算机图形学\作业\opengl\cow\cow\main.cpp(207): warning C4018: “<”: 有符号/无符号不匹配
     1>d:\学习\计算机图形学\作业\opengl\cow\cow\main.cpp(219): warning C4018: “<”: 有符号/无符号不匹配
     1>d:\学习\计算机图形学\作业\opengl\cow\cow\main.cpp(228): warning C4018: “<”: 有符号/无符号不匹配
     1>d:\学习\计算机图形学\作业\opengl\cow\cow\main.cpp(236): warning C4018: “<”: 有符号/无符号不匹配
     1>d:\学习\计算机图形学\作业\opengl\cow\cow\main.cpp(244): warning C4018: “<”: 有符号/无符号不匹配
     1>d:\学习\计算机图形学\作业\opengl\cow\cow\main.cpp(252): warning C4018: “<”: 有符号/无符号不匹配
     1>d:\学习\计算机图形学\作业\opengl\cow\cow\main.cpp(260): warning C4018: “<”: 有符号/无符号不匹配
     1>d:\vs2013\vc\include\utility(144): warning C4244: “初始化”: 从“int”转换到“GLfloat”，可能丢失数据
                 d:\学习\计算机图形学\作业\opengl\cow\cow\main.cpp(134): 参见对正在编译的函数 模板 实例化“std::pair<int,GLfloat>::pair<int&,int&,void>(_Other1,_Other2)”的引用
                 with
                 [
                     _Other1=int &
         ,            _Other2=int &
                 ]
                 d:\学习\计算机图形学\作业\opengl\cow\cow\main.cpp(134): 参见对正在编译的函数 模板 实例化“std::pair<int,GLfloat>::pair<int&,int&,void>(_Other1,_Other2)”的引用
                 with
                 [
                     _Other1=int &
         ,            _Other2=int &
                 ]
       Link:
         D:\VS2013\VC\bin\link.exe /ERRORREPORT:PROMPT /OUT:"D:\学习\计算机图形学\作业\OpenGL\cow\Debug\cow.exe" /INCREMENTAL /NOLOGO kernel32.lib user32.lib gdi32.lib winspool.lib comdlg32.lib advapi32.lib shell32.lib ole32.lib oleaut32.lib uuid.lib odbc32.lib odbccp32.lib /MANIFEST /MANIFESTUAC:"level='asInvoker' uiAccess='false'" /manifest:embed /DEBUG /PDB:"D:\学习\计算机图形学\作业\OpenGL\cow\Debug\cow.pdb" /SUBSYSTEM:CONSOLE /TLBID:1 /DYNAMICBASE /NXCOMPAT /IMPLIB:"D:\学习\计算机图形学\作业\OpenGL\cow\Debug\cow.lib" /MACHINE:X86 Debug\main.obj
         Debug\Texture.obj
         cow.vcxproj -> D:\学习\计算机图形学\作业\OpenGL\cow\Debug\cow.exe
     1>已完成生成项目“D:\学习\计算机图形学\作业\OpenGL\cow\cow\cow.vcxproj”(Build 个目标)的操作。

生成成功。

已用时间 00:00:01.85
